[2018-07-23 09:52:28.557] [sharedprocess] [info] main {"machineId":"1de7792ade9536a3e5d891dea2a6d27c61c2716ca6e812394d4cee792a3d9b3d"}
[2018-07-23 09:52:29.118] [sharedprocess] [info] Scanned user extensions: 5
[2018-07-23 09:52:31.404] [sharedprocess] [info] Scanned user extensions: 5
[2018-07-23 09:52:31.420] [sharedprocess] [info] Scanned user extensions: 5
[2018-07-23 09:52:31.448] [sharedprocess] [info] Scanned user extensions: 5
[2018-07-23 09:52:31.526] [sharedprocess] [info] Scanned user extensions: 5
[2018-07-23 09:52:31.615] [sharedprocess] [info] Scanned user extensions: 5
[2018-07-23 09:52:31.718] [sharedprocess] [info] Scanned user extensions: 5
[2018-07-23 09:52:31.797] [sharedprocess] [info] Scanned user extensions: 5
[2018-07-23 09:52:31.802] [sharedprocess] [info] Deleted from disk eamodio.gitlens-8.5.1
[2018-07-23 09:52:31.873] [sharedprocess] [info] Deleted from disk ms-vscode.cpptools-0.17.6
[2018-07-23 09:52:32.389] [sharedprocess] [info] Scanned system extensions: 70
[2018-07-23 09:52:32.430] [sharedprocess] [info] Scanned system extensions: 70
[2018-07-23 09:52:32.438] [sharedprocess] [info] Scanned system extensions: 70
[2018-07-23 09:52:32.453] [sharedprocess] [info] Scanned system extensions: 70
[2018-07-23 09:52:32.463] [sharedprocess] [info] Scanned system extensions: 70
[2018-07-23 09:52:34.969] [sharedprocess] [info] Scanned user extensions: 5
[2018-07-23 09:53:08.565] [sharedprocess] [info] Starting to clean up unused language packs.
[2018-07-23 09:53:08.566] [sharedprocess] [info] Skipping directory a31a6ada8a7f8a0e20aac5ae4b732ce3.fr. Language pack still in use.
[2018-07-23 09:57:35.040] [sharedprocess] [info] Scanned user extensions: 5
[2018-07-23 10:02:35.084] [sharedprocess] [info] Scanned user extensions: 5
[2018-07-23 10:07:35.152] [sharedprocess] [info] Scanned user extensions: 5
[2018-07-23 10:12:35.203] [sharedprocess] [info] Scanned user extensions: 5
[2018-07-23 10:17:35.251] [sharedprocess] [info] Scanned user extensions: 5
[2018-07-23 10:22:35.293] [sharedprocess] [info] Scanned user extensions: 5
[2018-07-23 10:27:35.335] [sharedprocess] [info] Scanned user extensions: 5
[2018-07-23 10:32:35.390] [sharedprocess] [info] Scanned user extensions: 5
[2018-07-23 10:37:35.440] [sharedprocess] [info] Scanned user extensions: 5
[2018-07-23 10:42:35.492] [sharedprocess] [info] Scanned user extensions: 5
[2018-07-23 10:47:35.536] [sharedprocess] [info] Scanned user extensions: 5
[2018-07-23 10:52:35.662] [sharedprocess] [info] Scanned user extensions: 5
[2018-07-23 10:57:35.703] [sharedprocess] [info] Scanned user extensions: 5
[2018-07-23 11:02:35.747] [sharedprocess] [info] Scanned user extensions: 5
[2018-07-23 11:07:35.808] [sharedprocess] [info] Scanned user extensions: 5
[2018-07-23 11:12:35.862] [sharedprocess] [info] Scanned user extensions: 5
[2018-07-23 11:17:35.903] [sharedprocess] [info] Scanned user extensions: 5
[2018-07-23 11:22:35.943] [sharedprocess] [info] Scanned user extensions: 5
[2018-07-23 11:27:35.992] [sharedprocess] [info] Scanned user extensions: 5
[2018-07-23 11:32:36.039] [sharedprocess] [info] Scanned user extensions: 5
[2018-07-23 11:37:36.083] [sharedprocess] [info] Scanned user extensions: 5
[2018-07-23 11:42:36.130] [sharedprocess] [info] Scanned user extensions: 5
[2018-07-23 11:47:36.186] [sharedprocess] [info] Scanned user extensions: 5
[2018-07-23 11:52:36.332] [sharedprocess] [info] Scanned user extensions: 5
[2018-07-23 11:57:36.392] [sharedprocess] [info] Scanned user extensions: 5
[2018-07-23 12:02:36.447] [sharedprocess] [info] Scanned user extensions: 5
[2018-07-23 12:07:36.488] [sharedprocess] [info] Scanned user extensions: 5
[2018-07-23 12:12:36.582] [sharedprocess] [info] Scanned user extensions: 5
[2018-07-23 12:17:36.670] [sharedprocess] [info] Scanned user extensions: 5
[2018-07-23 12:22:36.787] [sharedprocess] [info] Scanned user extensions: 5
[2018-07-23 13:01:50.384] [sharedprocess] [info] Scanned user extensions: 5
[2018-07-23 13:06:50.439] [sharedprocess] [info] Scanned user extensions: 5
[2018-07-23 13:11:50.478] [sharedprocess] [info] Scanned user extensions: 5
[2018-07-23 13:16:50.531] [sharedprocess] [info] Scanned user extensions: 5
[2018-07-23 13:21:50.622] [sharedprocess] [info] Scanned user extensions: 5
[2018-07-23 13:26:50.671] [sharedprocess] [info] Scanned user extensions: 5
[2018-07-23 13:31:50.729] [sharedprocess] [info] Scanned user extensions: 5
[2018-07-23 13:36:50.776] [sharedprocess] [info] Scanned user extensions: 5
[2018-07-23 13:41:50.822] [sharedprocess] [info] Scanned user extensions: 5
[2018-07-23 13:46:50.859] [sharedprocess] [info] Scanned user extensions: 5
[2018-07-23 13:51:50.904] [sharedprocess] [info] Scanned user extensions: 5
[2018-07-23 13:56:50.955] [sharedprocess] [info] Scanned user extensions: 5
