[2018-07-19 22:01:13.204] [exthost1] [info] extension host started
[2018-07-19 22:01:13.245] [exthost1] [info] ExtensionService#_doActivateExtension vscode.emmet {"startup":true,"activationEvent":"*"}
[2018-07-19 22:01:13.245] [exthost1] [info] ExtensionService#loadCommonJSModule /usr/share/code/resources/app/extensions/emmet/out/extension
[2018-07-19 22:01:14.024] [exthost1] [info] ExtensionService#_doActivateExtension vscode.git {"startup":true,"activationEvent":"*"}
[2018-07-19 22:01:14.024] [exthost1] [info] ExtensionService#loadCommonJSModule /usr/share/code/resources/app/extensions/git/out/main
[2018-07-19 22:01:15.695] [exthost1] [info] ExtensionService#_doActivateExtension vscode.merge-conflict {"startup":true,"activationEvent":"*"}
[2018-07-19 22:01:15.695] [exthost1] [info] ExtensionService#loadCommonJSModule /usr/share/code/resources/app/extensions/merge-conflict/out/extension
[2018-07-19 22:01:17.573] [exthost1] [info] ExtensionService#_doActivateExtension vscode.search-rg {"startup":true,"activationEvent":"*"}
[2018-07-19 22:01:17.573] [exthost1] [info] ExtensionService#loadCommonJSModule /usr/share/code/resources/app/extensions/search-rg/out/extension
[2018-07-19 22:01:17.757] [exthost1] [info] ExtensionService#_doActivateExtension eamodio.gitlens {"startup":true,"activationEvent":"*"}
[2018-07-19 22:01:17.757] [exthost1] [info] ExtensionService#loadCommonJSModule /home/chaudois/.vscode/extensions/eamodio.gitlens-8.5.1/out/extension
[2018-07-19 22:01:22.317] [exthost1] [info] ExtensionService#_doActivateExtension schneiderpat.aspnet-helper {"startup":true,"activationEvent":"*"}
[2018-07-19 22:01:22.317] [exthost1] [info] ExtensionService#loadCommonJSModule /home/chaudois/.vscode/extensions/schneiderpat.aspnet-helper-0.6.4/out/src/extension
[2018-07-19 22:01:22.919] [exthost1] [info] eager extensions activated
[2018-07-19 22:01:46.926] [exthost1] [info] extension host started
[2018-07-19 22:01:46.963] [exthost1] [info] ExtensionService#_doActivateExtension vscode.emmet {"startup":true,"activationEvent":"*"}
[2018-07-19 22:01:46.963] [exthost1] [info] ExtensionService#loadCommonJSModule /usr/share/code/resources/app/extensions/emmet/out/extension
[2018-07-19 22:01:47.063] [exthost1] [info] ExtensionService#_doActivateExtension vscode.git {"startup":true,"activationEvent":"*"}
[2018-07-19 22:01:47.063] [exthost1] [info] ExtensionService#loadCommonJSModule /usr/share/code/resources/app/extensions/git/out/main
[2018-07-19 22:01:47.384] [exthost1] [info] ExtensionService#_doActivateExtension vscode.merge-conflict {"startup":true,"activationEvent":"*"}
[2018-07-19 22:01:47.384] [exthost1] [info] ExtensionService#loadCommonJSModule /usr/share/code/resources/app/extensions/merge-conflict/out/extension
[2018-07-19 22:01:47.401] [exthost1] [info] ExtensionService#_doActivateExtension vscode.search-rg {"startup":true,"activationEvent":"*"}
[2018-07-19 22:01:47.401] [exthost1] [info] ExtensionService#loadCommonJSModule /usr/share/code/resources/app/extensions/search-rg/out/extension
[2018-07-19 22:01:47.408] [exthost1] [info] ExtensionService#_doActivateExtension eamodio.gitlens {"startup":true,"activationEvent":"*"}
[2018-07-19 22:01:47.408] [exthost1] [info] ExtensionService#loadCommonJSModule /home/chaudois/.vscode/extensions/eamodio.gitlens-8.5.1/out/extension
[2018-07-19 22:01:47.712] [exthost1] [info] ExtensionService#_doActivateExtension schneiderpat.aspnet-helper {"startup":true,"activationEvent":"*"}
[2018-07-19 22:01:47.712] [exthost1] [info] ExtensionService#loadCommonJSModule /home/chaudois/.vscode/extensions/schneiderpat.aspnet-helper-0.6.4/out/src/extension
[2018-07-19 22:01:48.823] [exthost1] [info] ExtensionService#_doActivateExtension ms-vscode.csharp {"startup":true,"activationEvent":"workspaceContains:*.csproj,*.sln,*.csx,*.cake,**/*.csproj,**/*.sln,**/*.csx,**/*.cake"}
[2018-07-19 22:01:48.823] [exthost1] [info] ExtensionService#loadCommonJSModule /home/chaudois/.vscode/extensions/ms-vscode.csharp-1.15.2/out/src/main
[2018-07-19 22:01:51.300] [exthost1] [info] eager extensions activated
