[2018-07-19 22:01:07.692] [sharedprocess] [info] main {"machineId":"1de7792ade9536a3e5d891dea2a6d27c61c2716ca6e812394d4cee792a3d9b3d"}
[2018-07-19 22:01:08.295] [sharedprocess] [info] Scanned user extensions: 4
[2018-07-19 22:01:10.897] [sharedprocess] [info] Deleted from disk eamodio.gitlens-8.5.0
[2018-07-19 22:01:11.320] [sharedprocess] [info] Scanned system extensions: 70
[2018-07-19 22:01:12.566] [sharedprocess] [info] Scanned user extensions: 4
[2018-07-19 22:01:12.576] [sharedprocess] [info] Scanned user extensions: 4
[2018-07-19 22:01:12.600] [sharedprocess] [info] Scanned user extensions: 4
[2018-07-19 22:01:12.673] [sharedprocess] [info] Scanned system extensions: 70
[2018-07-19 22:01:12.680] [sharedprocess] [info] Scanned system extensions: 70
[2018-07-19 22:01:13.873] [sharedprocess] [info] Scanned user extensions: 4
[2018-07-19 22:01:13.902] [sharedprocess] [info] Scanned user extensions: 4
[2018-07-19 22:01:46.211] [sharedprocess] [info] Scanned user extensions: 4
[2018-07-19 22:01:46.270] [sharedprocess] [info] Scanned user extensions: 4
[2018-07-19 22:01:46.306] [sharedprocess] [info] Scanned user extensions: 4
[2018-07-19 22:01:46.426] [sharedprocess] [info] Scanned system extensions: 70
[2018-07-19 22:01:46.432] [sharedprocess] [info] Scanned system extensions: 70
[2018-07-19 22:01:47.704] [sharedprocess] [info] Starting to clean up unused language packs.
[2018-07-19 22:01:48.286] [sharedprocess] [info] Scanned user extensions: 4
[2018-07-19 22:01:48.329] [sharedprocess] [info] Scanned user extensions: 4
[2018-07-19 22:06:48.400] [sharedprocess] [info] Scanned user extensions: 4
[2018-07-19 22:11:48.434] [sharedprocess] [info] Scanned user extensions: 4
[2018-07-19 22:16:48.478] [sharedprocess] [info] Scanned user extensions: 4
[2018-07-19 22:18:02.361] [sharedprocess] [info] Scanned user extensions: 4
[2018-07-19 22:21:48.516] [sharedprocess] [info] Scanned user extensions: 4
[2018-07-19 22:26:48.567] [sharedprocess] [info] Scanned user extensions: 4
[2018-07-19 22:31:48.632] [sharedprocess] [info] Scanned user extensions: 4
[2018-07-19 22:36:48.679] [sharedprocess] [info] Scanned user extensions: 4
[2018-07-19 22:41:48.727] [sharedprocess] [info] Scanned user extensions: 4
[2018-07-19 22:46:48.775] [sharedprocess] [info] Scanned user extensions: 4
[2018-07-19 22:51:48.818] [sharedprocess] [info] Scanned user extensions: 4
[2018-07-19 22:56:48.876] [sharedprocess] [info] Scanned user extensions: 4
[2018-07-19 23:01:49.144] [sharedprocess] [info] Scanned user extensions: 4
[2018-07-19 23:06:49.201] [sharedprocess] [info] Scanned user extensions: 4
[2018-07-19 23:11:49.253] [sharedprocess] [info] Scanned user extensions: 4
[2018-07-19 23:16:49.292] [sharedprocess] [info] Scanned user extensions: 4
[2018-07-19 23:21:49.325] [sharedprocess] [info] Scanned user extensions: 4
