[2018-07-20 09:33:55.443] [sharedprocess] [info] main {"machineId":"1de7792ade9536a3e5d891dea2a6d27c61c2716ca6e812394d4cee792a3d9b3d"}
[2018-07-20 09:33:56.013] [sharedprocess] [info] Scanned user extensions: 4
[2018-07-20 09:33:57.069] [sharedprocess] [info] Scanned system extensions: 70
[2018-07-20 09:33:58.104] [sharedprocess] [info] Scanned user extensions: 4
[2018-07-20 09:33:58.121] [sharedprocess] [info] Scanned user extensions: 4
[2018-07-20 09:33:58.142] [sharedprocess] [info] Scanned user extensions: 4
[2018-07-20 09:33:58.241] [sharedprocess] [info] Scanned system extensions: 70
[2018-07-20 09:33:58.250] [sharedprocess] [info] Scanned system extensions: 70
[2018-07-20 09:34:00.286] [sharedprocess] [info] Scanned user extensions: 4
[2018-07-20 09:34:00.307] [sharedprocess] [info] Scanned user extensions: 4
[2018-07-20 09:34:00.793] [sharedprocess] [info] Installing extension: gitlens
[2018-07-20 09:34:00.793] [sharedprocess] [info] Installing extension: cpptools
[2018-07-20 09:34:00.808] [sharedprocess] [info] Scanned user extensions: 4
[2018-07-20 09:34:00.826] [sharedprocess] [info] Scanned user extensions: 4
[2018-07-20 09:34:04.958] [sharedprocess] [info] Downloaded extension: cpptools
[2018-07-20 09:34:05.355] [sharedprocess] [info] Downloaded extension: gitlens
[2018-07-20 09:34:06.679] [sharedprocess] [info] Extracted extension to /home/chaudois/.vscode/extensions/.ms-vscode.cpptools-0.17.7: ms-vscode.cpptools-0.17.7
[2018-07-20 09:34:06.680] [sharedprocess] [info] Renamed to /home/chaudois/.vscode/extensions/ms-vscode.cpptools-0.17.7
[2018-07-20 09:34:06.680] [sharedprocess] [info] Installation completed. ms-vscode.cpptools-0.17.7
[2018-07-20 09:34:06.726] [sharedprocess] [info] Extensions installed successfully: ms-vscode.cpptools
[2018-07-20 09:34:06.890] [sharedprocess] [info] Scanned user extensions: 4
[2018-07-20 09:34:06.904] [sharedprocess] [info] Scanned user extensions: 4
[2018-07-20 09:34:06.929] [sharedprocess] [info] Scanned user extensions: 4
[2018-07-20 09:34:07.081] [sharedprocess] [info] Scanned system extensions: 70
[2018-07-20 09:34:07.087] [sharedprocess] [info] Scanned system extensions: 70
[2018-07-20 09:34:07.843] [sharedprocess] [info] Extracted extension to /home/chaudois/.vscode/extensions/.eamodio.gitlens-8.5.2: eamodio.gitlens-8.5.2
[2018-07-20 09:34:07.844] [sharedprocess] [info] Renamed to /home/chaudois/.vscode/extensions/eamodio.gitlens-8.5.2
[2018-07-20 09:34:07.844] [sharedprocess] [info] Installation completed. eamodio.gitlens-8.5.2
[2018-07-20 09:34:07.889] [sharedprocess] [info] Extensions installed successfully: eamodio.gitlens
[2018-07-20 09:34:08.028] [sharedprocess] [info] Scanned user extensions: 4
[2018-07-20 09:34:08.056] [sharedprocess] [info] Scanned system extensions: 70
[2018-07-20 09:34:09.054] [sharedprocess] [info] Installing extension: gitlens
[2018-07-20 09:34:09.098] [sharedprocess] [info] Scanned user extensions: 4
[2018-07-20 09:34:09.329] [sharedprocess] [info] Downloaded extension: gitlens
[2018-07-20 09:34:09.363] [sharedprocess] [info] Scanned user extensions: 4
[2018-07-20 09:34:09.389] [sharedprocess] [info] Scanned user extensions: 4
[2018-07-20 09:34:11.561] [sharedprocess] [info] Extracted extension to /home/chaudois/.vscode/extensions/.eamodio.gitlens-8.5.2: eamodio.gitlens-8.5.2
[2018-07-20 09:34:11.561] [sharedprocess] [info] Renamed to /home/chaudois/.vscode/extensions/eamodio.gitlens-8.5.2
[2018-07-20 09:34:11.561] [sharedprocess] [info] Installation completed. eamodio.gitlens-8.5.2
[2018-07-20 09:34:11.689] [sharedprocess] [info] Extensions installed successfully: eamodio.gitlens
[2018-07-20 09:34:11.835] [sharedprocess] [info] Scanned user extensions: 4
[2018-07-20 09:34:11.876] [sharedprocess] [info] Scanned system extensions: 70
[2018-07-20 09:34:14.703] [sharedprocess] [info] Scanned user extensions: 4
[2018-07-20 09:34:35.455] [sharedprocess] [info] Starting to clean up unused language packs.
[2018-07-20 09:39:09.452] [sharedprocess] [info] Scanned user extensions: 4
[2018-07-20 09:44:09.510] [sharedprocess] [info] Scanned user extensions: 4
[2018-07-20 09:49:09.555] [sharedprocess] [info] Scanned user extensions: 4
[2018-07-20 09:54:09.636] [sharedprocess] [info] Scanned user extensions: 4
[2018-07-20 09:59:09.679] [sharedprocess] [info] Scanned user extensions: 4
[2018-07-20 10:04:09.727] [sharedprocess] [info] Scanned user extensions: 4
[2018-07-20 10:09:09.782] [sharedprocess] [info] Scanned user extensions: 4
[2018-07-20 10:14:09.865] [sharedprocess] [info] Scanned user extensions: 4
[2018-07-20 10:19:09.914] [sharedprocess] [info] Scanned user extensions: 4
[2018-07-20 10:24:09.978] [sharedprocess] [info] Scanned user extensions: 4
[2018-07-20 10:29:10.075] [sharedprocess] [info] Scanned user extensions: 4
[2018-07-20 10:34:10.559] [sharedprocess] [info] Scanned user extensions: 4
[2018-07-20 10:39:10.604] [sharedprocess] [info] Scanned user extensions: 4
[2018-07-20 10:44:10.663] [sharedprocess] [info] Scanned user extensions: 4
[2018-07-20 10:49:10.708] [sharedprocess] [info] Scanned user extensions: 4
[2018-07-20 10:54:10.754] [sharedprocess] [info] Scanned user extensions: 4
[2018-07-20 10:59:10.845] [sharedprocess] [info] Scanned user extensions: 4
[2018-07-20 11:04:10.894] [sharedprocess] [info] Scanned user extensions: 4
[2018-07-20 11:09:10.957] [sharedprocess] [info] Scanned user extensions: 4
[2018-07-20 11:14:11.072] [sharedprocess] [info] Scanned user extensions: 4
[2018-07-20 11:19:11.147] [sharedprocess] [info] Scanned user extensions: 4
[2018-07-20 11:24:11.200] [sharedprocess] [info] Scanned user extensions: 4
[2018-07-20 11:29:11.238] [sharedprocess] [info] Scanned user extensions: 4
[2018-07-20 11:34:11.521] [sharedprocess] [info] Scanned user extensions: 4
[2018-07-20 11:39:11.569] [sharedprocess] [info] Scanned user extensions: 4
[2018-07-20 11:44:11.615] [sharedprocess] [info] Scanned user extensions: 4
[2018-07-20 11:49:11.685] [sharedprocess] [info] Scanned user extensions: 4
[2018-07-20 11:54:11.730] [sharedprocess] [info] Scanned user extensions: 4
[2018-07-20 11:59:11.769] [sharedprocess] [info] Scanned user extensions: 4
[2018-07-20 12:04:11.820] [sharedprocess] [info] Scanned user extensions: 4
[2018-07-20 12:09:11.871] [sharedprocess] [info] Scanned user extensions: 4
[2018-07-20 12:14:11.926] [sharedprocess] [info] Scanned user extensions: 4
[2018-07-20 12:19:11.995] [sharedprocess] [info] Scanned user extensions: 4
[2018-07-20 12:19:50.424] [sharedprocess] [info] Scanned user extensions: 4
[2018-07-20 12:19:50.457] [sharedprocess] [info] Scanned user extensions: 4
[2018-07-20 12:19:50.501] [sharedprocess] [info] Scanned user extensions: 4
[2018-07-20 12:19:50.558] [sharedprocess] [info] Scanned user extensions: 4
[2018-07-20 12:19:50.684] [sharedprocess] [info] Scanned system extensions: 70
[2018-07-20 12:19:50.691] [sharedprocess] [info] Scanned system extensions: 70
[2018-07-20 12:19:50.703] [sharedprocess] [info] Scanned system extensions: 70
[2018-07-20 12:19:52.714] [sharedprocess] [info] Scanned user extensions: 4
[2018-07-20 12:19:52.750] [sharedprocess] [info] Scanned user extensions: 4
[2018-07-20 12:19:52.756] [sharedprocess] [info] Scanned user extensions: 4
[2018-07-20 12:19:52.862] [sharedprocess] [info] Scanned system extensions: 70
[2018-07-20 12:19:52.871] [sharedprocess] [info] Scanned system extensions: 70
[2018-07-20 12:19:52.880] [sharedprocess] [info] Scanned system extensions: 70
[2018-07-20 12:19:58.959] [sharedprocess] [info] Scanned user extensions: 4
[2018-07-20 12:19:58.981] [sharedprocess] [info] Scanned user extensions: 4
[2018-07-20 12:19:59.013] [sharedprocess] [info] Scanned user extensions: 4
[2018-07-20 12:19:59.079] [sharedprocess] [info] Scanned user extensions: 4
[2018-07-20 12:19:59.090] [sharedprocess] [info] Scanned user extensions: 4
[2018-07-20 12:19:59.121] [sharedprocess] [info] Scanned user extensions: 4
[2018-07-20 12:19:59.140] [sharedprocess] [info] Scanned user extensions: 4
[2018-07-20 12:19:59.254] [sharedprocess] [info] Scanned system extensions: 70
[2018-07-20 12:19:59.261] [sharedprocess] [info] Scanned system extensions: 70
[2018-07-20 12:19:59.268] [sharedprocess] [info] Scanned system extensions: 70
[2018-07-20 12:19:59.277] [sharedprocess] [info] Scanned system extensions: 70
[2018-07-20 12:20:02.267] [sharedprocess] [info] Scanned user extensions: 4
[2018-07-20 12:20:02.292] [sharedprocess] [info] Scanned user extensions: 4
[2018-07-20 12:20:07.807] [sharedprocess] [info] Installing extension: vscode-language-pack-fr
[2018-07-20 12:20:07.835] [sharedprocess] [info] Scanned user extensions: 4
[2018-07-20 12:20:07.883] [sharedprocess] [info] Scanned user extensions: 4
[2018-07-20 12:20:07.907] [sharedprocess] [info] Scanned user extensions: 4
[2018-07-20 12:20:07.926] [sharedprocess] [info] Scanned user extensions: 4
[2018-07-20 12:20:08.029] [sharedprocess] [info] Scanned system extensions: 70
[2018-07-20 12:20:08.035] [sharedprocess] [info] Scanned system extensions: 70
[2018-07-20 12:20:08.052] [sharedprocess] [info] Scanned system extensions: 70
