[2018-07-18 16:06:10.702] [exthost1] [info] extension host started
[2018-07-18 16:06:10.733] [exthost1] [info] ExtensionService#_doActivateExtension vscode.emmet {"startup":true,"activationEvent":"*"}
[2018-07-18 16:06:10.733] [exthost1] [info] ExtensionService#loadCommonJSModule /usr/share/code/resources/app/extensions/emmet/out/extension
[2018-07-18 16:06:11.276] [exthost1] [info] ExtensionService#_doActivateExtension vscode.git {"startup":true,"activationEvent":"*"}
[2018-07-18 16:06:11.276] [exthost1] [info] ExtensionService#loadCommonJSModule /usr/share/code/resources/app/extensions/git/out/main
[2018-07-18 16:06:12.101] [exthost1] [info] ExtensionService#_doActivateExtension vscode.merge-conflict {"startup":true,"activationEvent":"*"}
[2018-07-18 16:06:12.101] [exthost1] [info] ExtensionService#loadCommonJSModule /usr/share/code/resources/app/extensions/merge-conflict/out/extension
[2018-07-18 16:06:12.406] [exthost1] [info] ExtensionService#_doActivateExtension vscode.search-rg {"startup":true,"activationEvent":"*"}
[2018-07-18 16:06:12.406] [exthost1] [info] ExtensionService#loadCommonJSModule /usr/share/code/resources/app/extensions/search-rg/out/extension
[2018-07-18 16:06:12.473] [exthost1] [info] ExtensionService#_doActivateExtension eamodio.gitlens {"startup":true,"activationEvent":"*"}
[2018-07-18 16:06:12.474] [exthost1] [info] ExtensionService#loadCommonJSModule /home/chaudois/.vscode/extensions/eamodio.gitlens-8.5.0/out/extension
[2018-07-18 16:06:15.598] [exthost1] [info] ExtensionService#_doActivateExtension schneiderpat.aspnet-helper {"startup":true,"activationEvent":"*"}
[2018-07-18 16:06:15.598] [exthost1] [info] ExtensionService#loadCommonJSModule /home/chaudois/.vscode/extensions/schneiderpat.aspnet-helper-0.6.4/out/src/extension
[2018-07-18 16:06:16.051] [exthost1] [info] eager extensions activated
[2018-07-18 16:06:16.614] [exthost1] [info] ExtensionService#_doActivateExtension vscode.html-language-features {"startup":false,"activationEvent":"onLanguage:html"}
[2018-07-18 16:06:16.614] [exthost1] [info] ExtensionService#loadCommonJSModule /usr/share/code/resources/app/extensions/html-language-features/client/out/htmlMain
[2018-07-18 16:06:17.733] [exthost1] [info] ExtensionService#_doActivateExtension vscode.configuration-editing {"startup":false,"activationEvent":"onLanguage:jsonc"}
[2018-07-18 16:06:17.733] [exthost1] [info] ExtensionService#loadCommonJSModule /usr/share/code/resources/app/extensions/configuration-editing/out/extension
[2018-07-18 16:06:19.387] [exthost1] [info] ExtensionService#_doActivateExtension vscode.json-language-features {"startup":false,"activationEvent":"onLanguage:jsonc"}
[2018-07-18 16:06:19.387] [exthost1] [info] ExtensionService#loadCommonJSModule /usr/share/code/resources/app/extensions/json-language-features/client/out/jsonMain
[2018-07-18 16:06:37.561] [exthost1] [info] extension host started
[2018-07-18 16:06:37.608] [exthost1] [info] ExtensionService#_doActivateExtension vscode.emmet {"startup":true,"activationEvent":"*"}
[2018-07-18 16:06:37.608] [exthost1] [info] ExtensionService#loadCommonJSModule /usr/share/code/resources/app/extensions/emmet/out/extension
[2018-07-18 16:06:37.688] [exthost1] [info] ExtensionService#_doActivateExtension vscode.git {"startup":true,"activationEvent":"*"}
[2018-07-18 16:06:37.688] [exthost1] [info] ExtensionService#loadCommonJSModule /usr/share/code/resources/app/extensions/git/out/main
[2018-07-18 16:06:37.915] [exthost1] [info] ExtensionService#_doActivateExtension vscode.merge-conflict {"startup":true,"activationEvent":"*"}
[2018-07-18 16:06:37.915] [exthost1] [info] ExtensionService#loadCommonJSModule /usr/share/code/resources/app/extensions/merge-conflict/out/extension
[2018-07-18 16:06:37.929] [exthost1] [info] ExtensionService#_doActivateExtension vscode.search-rg {"startup":true,"activationEvent":"*"}
[2018-07-18 16:06:37.929] [exthost1] [info] ExtensionService#loadCommonJSModule /usr/share/code/resources/app/extensions/search-rg/out/extension
[2018-07-18 16:06:37.935] [exthost1] [info] ExtensionService#_doActivateExtension eamodio.gitlens {"startup":true,"activationEvent":"*"}
[2018-07-18 16:06:37.935] [exthost1] [info] ExtensionService#loadCommonJSModule /home/chaudois/.vscode/extensions/eamodio.gitlens-8.5.1/out/extension
[2018-07-18 16:06:38.190] [exthost1] [info] ExtensionService#_doActivateExtension schneiderpat.aspnet-helper {"startup":true,"activationEvent":"*"}
[2018-07-18 16:06:38.190] [exthost1] [info] ExtensionService#loadCommonJSModule /home/chaudois/.vscode/extensions/schneiderpat.aspnet-helper-0.6.4/out/src/extension
[2018-07-18 16:06:38.946] [exthost1] [info] ExtensionService#_doActivateExtension ms-vscode.csharp {"startup":true,"activationEvent":"workspaceContains:*.csproj,*.sln,*.csx,*.cake,**/*.csproj,**/*.sln,**/*.csx,**/*.cake"}
[2018-07-18 16:06:38.946] [exthost1] [info] ExtensionService#loadCommonJSModule /home/chaudois/.vscode/extensions/ms-vscode.csharp-1.15.2/out/src/main
[2018-07-18 16:06:41.409] [exthost1] [info] eager extensions activated
